\BOOKMARK [1][-]{section.1}{\376\377\000I\000n\000d\000e\000k\000s\000\040\000h\000i\000e\000r\000a\000r\000c\000h\000i\000c\000z\000n\000y}{}% 1
\BOOKMARK [2][-]{subsection.1.1}{\376\377\000H\000i\000e\000r\000a\000r\000c\000h\000i\000a\000\040\000k\000l\000a\000s}{section.1}% 2
\BOOKMARK [1][-]{section.2}{\376\377\000I\000n\000d\000e\000k\000s\000\040\000k\000l\000a\000s}{}% 3
\BOOKMARK [2][-]{subsection.2.1}{\376\377\000L\000i\000s\000t\000a\000\040\000k\000l\000a\000s}{section.2}% 4
\BOOKMARK [1][-]{section.3}{\376\377\000I\000n\000d\000e\000k\000s\000\040\000p\000l\000i\000k\000\363\000w}{}% 5
\BOOKMARK [2][-]{subsection.3.1}{\376\377\000L\000i\000s\000t\000a\000\040\000p\000l\000i\000k\000\363\000w}{section.3}% 6
\BOOKMARK [1][-]{section.4}{\376\377\000D\000o\000k\000u\000m\000e\000n\000t\000a\000c\000j\000a\000\040\000k\000l\000a\000s}{}% 7
\BOOKMARK [2][-]{subsection.4.1}{\376\377\000D\000o\000k\000u\000m\000e\000n\000t\000a\000c\000j\000a\000\040\000k\000l\000a\000s\000y\000\040\000B\000F\000S}{section.4}% 8
\BOOKMARK [3][-]{subsubsection.4.1.1}{\376\377\000O\000p\000i\000s\000\040\000s\000z\000c\000z\000e\000g\000\363\001\102\000o\000w\000y}{subsection.4.1}% 9
\BOOKMARK [3][-]{subsubsection.4.1.2}{\376\377\000D\000o\000k\000u\000m\000e\000n\000t\000a\000c\000j\000a\000\040\000k\000o\000n\000s\000t\000r\000u\000k\000t\000o\000r\000a\000\040\000i\000\040\000d\000e\000s\000t\000r\000u\000k\000t\000o\000r\000a}{subsection.4.1}% 10
\BOOKMARK [3][-]{subsubsection.4.1.3}{\376\377\000D\000o\000k\000u\000m\000e\000n\000t\000a\000c\000j\000a\000\040\000f\000u\000n\000k\000c\000j\000i\000\040\000s\000k\001\102\000a\000d\000o\000w\000y\000c\000h}{subsection.4.1}% 11
\BOOKMARK [3][-]{subsubsection.4.1.4}{\376\377\000D\000o\000k\000u\000m\000e\000n\000t\000a\000c\000j\000a\000\040\000a\000t\000r\000y\000b\000u\000t\000\363\000w\000\040\000s\000k\001\102\000a\000d\000o\000w\000y\000c\000h}{subsection.4.1}% 12
\BOOKMARK [2][-]{subsection.4.2}{\376\377\000D\000o\000k\000u\000m\000e\000n\000t\000a\000c\000j\000a\000\040\000k\000l\000a\000s\000y\000\040\000D\000F\000S}{section.4}% 13
\BOOKMARK [3][-]{subsubsection.4.2.1}{\376\377\000O\000p\000i\000s\000\040\000s\000z\000c\000z\000e\000g\000\363\001\102\000o\000w\000y}{subsection.4.2}% 14
\BOOKMARK [3][-]{subsubsection.4.2.2}{\376\377\000D\000o\000k\000u\000m\000e\000n\000t\000a\000c\000j\000a\000\040\000k\000o\000n\000s\000t\000r\000u\000k\000t\000o\000r\000a\000\040\000i\000\040\000d\000e\000s\000t\000r\000u\000k\000t\000o\000r\000a}{subsection.4.2}% 15
\BOOKMARK [3][-]{subsubsection.4.2.3}{\376\377\000D\000o\000k\000u\000m\000e\000n\000t\000a\000c\000j\000a\000\040\000f\000u\000n\000k\000c\000j\000i\000\040\000s\000k\001\102\000a\000d\000o\000w\000y\000c\000h}{subsection.4.2}% 16
\BOOKMARK [3][-]{subsubsection.4.2.4}{\376\377\000D\000o\000k\000u\000m\000e\000n\000t\000a\000c\000j\000a\000\040\000a\000t\000r\000y\000b\000u\000t\000\363\000w\000\040\000s\000k\001\102\000a\000d\000o\000w\000y\000c\000h}{subsection.4.2}% 17
\BOOKMARK [2][-]{subsection.4.3}{\376\377\000D\000o\000k\000u\000m\000e\000n\000t\000a\000c\000j\000a\000\040\000k\000l\000a\000s\000y\000\040\000G\000r\000a\000p\000h}{section.4}% 18
\BOOKMARK [3][-]{subsubsection.4.3.1}{\376\377\000O\000p\000i\000s\000\040\000s\000z\000c\000z\000e\000g\000\363\001\102\000o\000w\000y}{subsection.4.3}% 19
\BOOKMARK [3][-]{subsubsection.4.3.2}{\376\377\000D\000o\000k\000u\000m\000e\000n\000t\000a\000c\000j\000a\000\040\000k\000o\000n\000s\000t\000r\000u\000k\000t\000o\000r\000a\000\040\000i\000\040\000d\000e\000s\000t\000r\000u\000k\000t\000o\000r\000a}{subsection.4.3}% 20
\BOOKMARK [3][-]{subsubsection.4.3.3}{\376\377\000D\000o\000k\000u\000m\000e\000n\000t\000a\000c\000j\000a\000\040\000f\000u\000n\000k\000c\000j\000i\000\040\000s\000k\001\102\000a\000d\000o\000w\000y\000c\000h}{subsection.4.3}% 21
\BOOKMARK [3][-]{subsubsection.4.3.4}{\376\377\000D\000o\000k\000u\000m\000e\000n\000t\000a\000c\000j\000a\000\040\000a\000t\000r\000y\000b\000u\000t\000\363\000w\000\040\000s\000k\001\102\000a\000d\000o\000w\000y\000c\000h}{subsection.4.3}% 22
\BOOKMARK [2][-]{subsection.4.4}{\376\377\000D\000o\000k\000u\000m\000e\000n\000t\000a\000c\000j\000a\000\040\000s\000z\000a\000b\000l\000o\000n\000u\000\040\000k\000l\000a\000s\000y\000\040\000H\000e\000a\000p\000S\000o\000r\000t\000e\000r\000<\000\040\000C\000o\000n\000t\000e\000n\000t\000T\000y\000p\000e\000\040\000>}{section.4}% 23
\BOOKMARK [3][-]{subsubsection.4.4.1}{\376\377\000O\000p\000i\000s\000\040\000s\000z\000c\000z\000e\000g\000\363\001\102\000o\000w\000y}{subsection.4.4}% 24
\BOOKMARK [3][-]{subsubsection.4.4.2}{\376\377\000D\000o\000k\000u\000m\000e\000n\000t\000a\000c\000j\000a\000\040\000k\000o\000n\000s\000t\000r\000u\000k\000t\000o\000r\000a\000\040\000i\000\040\000d\000e\000s\000t\000r\000u\000k\000t\000o\000r\000a}{subsection.4.4}% 25
\BOOKMARK [3][-]{subsubsection.4.4.3}{\376\377\000D\000o\000k\000u\000m\000e\000n\000t\000a\000c\000j\000a\000\040\000f\000u\000n\000k\000c\000j\000i\000\040\000s\000k\001\102\000a\000d\000o\000w\000y\000c\000h}{subsection.4.4}% 26
\BOOKMARK [3][-]{subsubsection.4.4.4}{\376\377\000D\000o\000k\000u\000m\000e\000n\000t\000a\000c\000j\000a\000\040\000a\000t\000r\000y\000b\000u\000t\000\363\000w\000\040\000s\000k\001\102\000a\000d\000o\000w\000y\000c\000h}{subsection.4.4}% 27
\BOOKMARK [2][-]{subsection.4.5}{\376\377\000D\000o\000k\000u\000m\000e\000n\000t\000a\000c\000j\000a\000\040\000s\000z\000a\000b\000l\000o\000n\000u\000\040\000k\000l\000a\000s\000y\000\040\000L\000i\000n\000k\000e\000d\000L\000i\000s\000t\000<\000\040\000C\000o\000n\000t\000e\000n\000t\000T\000y\000p\000e\000\040\000>}{section.4}% 28
\BOOKMARK [3][-]{subsubsection.4.5.1}{\376\377\000O\000p\000i\000s\000\040\000s\000z\000c\000z\000e\000g\000\363\001\102\000o\000w\000y}{subsection.4.5}% 29
\BOOKMARK [3][-]{subsubsection.4.5.2}{\376\377\000D\000o\000k\000u\000m\000e\000n\000t\000a\000c\000j\000a\000\040\000k\000o\000n\000s\000t\000r\000u\000k\000t\000o\000r\000a\000\040\000i\000\040\000d\000e\000s\000t\000r\000u\000k\000t\000o\000r\000a}{subsection.4.5}% 30
\BOOKMARK [3][-]{subsubsection.4.5.3}{\376\377\000D\000o\000k\000u\000m\000e\000n\000t\000a\000c\000j\000a\000\040\000f\000u\000n\000k\000c\000j\000i\000\040\000s\000k\001\102\000a\000d\000o\000w\000y\000c\000h}{subsection.4.5}% 31
\BOOKMARK [3][-]{subsubsection.4.5.4}{\376\377\000D\000o\000k\000u\000m\000e\000n\000t\000a\000c\000j\000a\000\040\000a\000t\000r\000y\000b\000u\000t\000\363\000w\000\040\000s\000k\001\102\000a\000d\000o\000w\000y\000c\000h}{subsection.4.5}% 32
\BOOKMARK [2][-]{subsection.4.6}{\376\377\000D\000o\000k\000u\000m\000e\000n\000t\000a\000c\000j\000a\000\040\000s\000z\000a\000b\000l\000o\000n\000u\000\040\000k\000l\000a\000s\000y\000\040\000L\000i\000n\000k\000e\000d\000L\000i\000s\000t\000E\000l\000e\000m\000e\000n\000t\000<\000\040\000C\000o\000n\000t\000e\000n\000t\000T\000y\000p\000e\000\040\000>}{section.4}% 33
\BOOKMARK [3][-]{subsubsection.4.6.1}{\376\377\000O\000p\000i\000s\000\040\000s\000z\000c\000z\000e\000g\000\363\001\102\000o\000w\000y}{subsection.4.6}% 34
\BOOKMARK [3][-]{subsubsection.4.6.2}{\376\377\000D\000o\000k\000u\000m\000e\000n\000t\000a\000c\000j\000a\000\040\000k\000o\000n\000s\000t\000r\000u\000k\000t\000o\000r\000a\000\040\000i\000\040\000d\000e\000s\000t\000r\000u\000k\000t\000o\000r\000a}{subsection.4.6}% 35
\BOOKMARK [3][-]{subsubsection.4.6.3}{\376\377\000D\000o\000k\000u\000m\000e\000n\000t\000a\000c\000j\000a\000\040\000f\000u\000n\000k\000c\000j\000i\000\040\000s\000k\001\102\000a\000d\000o\000w\000y\000c\000h}{subsection.4.6}% 36
\BOOKMARK [3][-]{subsubsection.4.6.4}{\376\377\000D\000o\000k\000u\000m\000e\000n\000t\000a\000c\000j\000a\000\040\000a\000t\000r\000y\000b\000u\000t\000\363\000w\000\040\000s\000k\001\102\000a\000d\000o\000w\000y\000c\000h}{subsection.4.6}% 37
\BOOKMARK [2][-]{subsection.4.7}{\376\377\000D\000o\000k\000u\000m\000e\000n\000t\000a\000c\000j\000a\000\040\000s\000z\000a\000b\000l\000o\000n\000u\000\040\000k\000l\000a\000s\000y\000\040\000L\000i\000s\000t\000<\000\040\000C\000o\000n\000t\000e\000n\000t\000T\000y\000p\000e\000\040\000>}{section.4}% 38
\BOOKMARK [3][-]{subsubsection.4.7.1}{\376\377\000O\000p\000i\000s\000\040\000s\000z\000c\000z\000e\000g\000\363\001\102\000o\000w\000y}{subsection.4.7}% 39
\BOOKMARK [3][-]{subsubsection.4.7.2}{\376\377\000D\000o\000k\000u\000m\000e\000n\000t\000a\000c\000j\000a\000\040\000k\000o\000n\000s\000t\000r\000u\000k\000t\000o\000r\000a\000\040\000i\000\040\000d\000e\000s\000t\000r\000u\000k\000t\000o\000r\000a}{subsection.4.7}% 40
\BOOKMARK [3][-]{subsubsection.4.7.3}{\376\377\000D\000o\000k\000u\000m\000e\000n\000t\000a\000c\000j\000a\000\040\000f\000u\000n\000k\000c\000j\000i\000\040\000s\000k\001\102\000a\000d\000o\000w\000y\000c\000h}{subsection.4.7}% 41
\BOOKMARK [2][-]{subsection.4.8}{\376\377\000D\000o\000k\000u\000m\000e\000n\000t\000a\000c\000j\000a\000\040\000s\000z\000a\000b\000l\000o\000n\000u\000\040\000k\000l\000a\000s\000y\000\040\000L\000i\000s\000t\000S\000a\000v\000e\000r\000<\000\040\000C\000o\000n\000t\000e\000n\000t\000T\000y\000p\000e\000\040\000>}{section.4}% 42
\BOOKMARK [3][-]{subsubsection.4.8.1}{\376\377\000O\000p\000i\000s\000\040\000s\000z\000c\000z\000e\000g\000\363\001\102\000o\000w\000y}{subsection.4.8}% 43
\BOOKMARK [3][-]{subsubsection.4.8.2}{\376\377\000D\000o\000k\000u\000m\000e\000n\000t\000a\000c\000j\000a\000\040\000k\000o\000n\000s\000t\000r\000u\000k\000t\000o\000r\000a\000\040\000i\000\040\000d\000e\000s\000t\000r\000u\000k\000t\000o\000r\000a}{subsection.4.8}% 44
\BOOKMARK [3][-]{subsubsection.4.8.3}{\376\377\000D\000o\000k\000u\000m\000e\000n\000t\000a\000c\000j\000a\000\040\000f\000u\000n\000k\000c\000j\000i\000\040\000s\000k\001\102\000a\000d\000o\000w\000y\000c\000h}{subsection.4.8}% 45
\BOOKMARK [3][-]{subsubsection.4.8.4}{\376\377\000D\000o\000k\000u\000m\000e\000n\000t\000a\000c\000j\000a\000\040\000a\000t\000r\000y\000b\000u\000t\000\363\000w\000\040\000s\000k\001\102\000a\000d\000o\000w\000y\000c\000h}{subsection.4.8}% 46
\BOOKMARK [2][-]{subsection.4.9}{\376\377\000D\000o\000k\000u\000m\000e\000n\000t\000a\000c\000j\000a\000\040\000s\000z\000a\000b\000l\000o\000n\000u\000\040\000k\000l\000a\000s\000y\000\040\000M\000e\000r\000g\000e\000S\000o\000r\000t\000e\000r\000<\000\040\000C\000o\000n\000t\000e\000n\000t\000T\000y\000p\000e\000\040\000>}{section.4}% 47
\BOOKMARK [3][-]{subsubsection.4.9.1}{\376\377\000O\000p\000i\000s\000\040\000s\000z\000c\000z\000e\000g\000\363\001\102\000o\000w\000y}{subsection.4.9}% 48
\BOOKMARK [3][-]{subsubsection.4.9.2}{\376\377\000D\000o\000k\000u\000m\000e\000n\000t\000a\000c\000j\000a\000\040\000k\000o\000n\000s\000t\000r\000u\000k\000t\000o\000r\000a\000\040\000i\000\040\000d\000e\000s\000t\000r\000u\000k\000t\000o\000r\000a}{subsection.4.9}% 49
\BOOKMARK [3][-]{subsubsection.4.9.3}{\376\377\000D\000o\000k\000u\000m\000e\000n\000t\000a\000c\000j\000a\000\040\000f\000u\000n\000k\000c\000j\000i\000\040\000s\000k\001\102\000a\000d\000o\000w\000y\000c\000h}{subsection.4.9}% 50
\BOOKMARK [3][-]{subsubsection.4.9.4}{\376\377\000D\000o\000k\000u\000m\000e\000n\000t\000a\000c\000j\000a\000\040\000a\000t\000r\000y\000b\000u\000t\000\363\000w\000\040\000s\000k\001\102\000a\000d\000o\000w\000y\000c\000h}{subsection.4.9}% 51
\BOOKMARK [2][-]{subsection.4.10}{\376\377\000D\000o\000k\000u\000m\000e\000n\000t\000a\000c\000j\000a\000\040\000k\000l\000a\000s\000y\000\040\000M\000y\000B\000e\000n\000c\000h\000m\000a\000r\000k}{section.4}% 52
\BOOKMARK [3][-]{subsubsection.4.10.1}{\376\377\000O\000p\000i\000s\000\040\000s\000z\000c\000z\000e\000g\000\363\001\102\000o\000w\000y}{subsection.4.10}% 53
\BOOKMARK [3][-]{subsubsection.4.10.2}{\376\377\000D\000o\000k\000u\000m\000e\000n\000t\000a\000c\000j\000a\000\040\000k\000o\000n\000s\000t\000r\000u\000k\000t\000o\000r\000a\000\040\000i\000\040\000d\000e\000s\000t\000r\000u\000k\000t\000o\000r\000a}{subsection.4.10}% 54
\BOOKMARK [3][-]{subsubsection.4.10.3}{\376\377\000D\000o\000k\000u\000m\000e\000n\000t\000a\000c\000j\000a\000\040\000f\000u\000n\000k\000c\000j\000i\000\040\000s\000k\001\102\000a\000d\000o\000w\000y\000c\000h}{subsection.4.10}% 55
\BOOKMARK [3][-]{subsubsection.4.10.4}{\376\377\000D\000o\000k\000u\000m\000e\000n\000t\000a\000c\000j\000a\000\040\000a\000t\000r\000y\000b\000u\000t\000\363\000w\000\040\000s\000k\001\102\000a\000d\000o\000w\000y\000c\000h}{subsection.4.10}% 56
\BOOKMARK [2][-]{subsection.4.11}{\376\377\000D\000o\000k\000u\000m\000e\000n\000t\000a\000c\000j\000a\000\040\000k\000l\000a\000s\000y\000\040\000M\000y\000B\000e\000n\000c\000h\000m\000a\000r\000k\000O\000b\000s\000e\000r\000v\000e\000r}{section.4}% 57
\BOOKMARK [3][-]{subsubsection.4.11.1}{\376\377\000O\000p\000i\000s\000\040\000s\000z\000c\000z\000e\000g\000\363\001\102\000o\000w\000y}{subsection.4.11}% 58
\BOOKMARK [3][-]{subsubsection.4.11.2}{\376\377\000D\000o\000k\000u\000m\000e\000n\000t\000a\000c\000j\000a\000\040\000k\000o\000n\000s\000t\000r\000u\000k\000t\000o\000r\000a\000\040\000i\000\040\000d\000e\000s\000t\000r\000u\000k\000t\000o\000r\000a}{subsection.4.11}% 59
\BOOKMARK [3][-]{subsubsection.4.11.3}{\376\377\000D\000o\000k\000u\000m\000e\000n\000t\000a\000c\000j\000a\000\040\000f\000u\000n\000k\000c\000j\000i\000\040\000s\000k\001\102\000a\000d\000o\000w\000y\000c\000h}{subsection.4.11}% 60
\BOOKMARK [2][-]{subsection.4.12}{\376\377\000D\000o\000k\000u\000m\000e\000n\000t\000a\000c\000j\000a\000\040\000k\000l\000a\000s\000y\000\040\000N\000u\000m\000b\000e\000r\000G\000e\000n\000e\000r\000a\000t\000o\000r}{section.4}% 61
\BOOKMARK [3][-]{subsubsection.4.12.1}{\376\377\000O\000p\000i\000s\000\040\000s\000z\000c\000z\000e\000g\000\363\001\102\000o\000w\000y}{subsection.4.12}% 62
\BOOKMARK [3][-]{subsubsection.4.12.2}{\376\377\000D\000o\000k\000u\000m\000e\000n\000t\000a\000c\000j\000a\000\040\000f\000u\000n\000k\000c\000j\000i\000\040\000s\000k\001\102\000a\000d\000o\000w\000y\000c\000h}{subsection.4.12}% 63
\BOOKMARK [2][-]{subsection.4.13}{\376\377\000D\000o\000k\000u\000m\000e\000n\000t\000a\000c\000j\000a\000\040\000k\000l\000a\000s\000y\000\040\000O\000b\000s\000e\000r\000v\000a\000b\000l\000e}{section.4}% 64
\BOOKMARK [3][-]{subsubsection.4.13.1}{\376\377\000O\000p\000i\000s\000\040\000s\000z\000c\000z\000e\000g\000\363\001\102\000o\000w\000y}{subsection.4.13}% 65
\BOOKMARK [3][-]{subsubsection.4.13.2}{\376\377\000D\000o\000k\000u\000m\000e\000n\000t\000a\000c\000j\000a\000\040\000k\000o\000n\000s\000t\000r\000u\000k\000t\000o\000r\000a\000\040\000i\000\040\000d\000e\000s\000t\000r\000u\000k\000t\000o\000r\000a}{subsection.4.13}% 66
\BOOKMARK [3][-]{subsubsection.4.13.3}{\376\377\000D\000o\000k\000u\000m\000e\000n\000t\000a\000c\000j\000a\000\040\000f\000u\000n\000k\000c\000j\000i\000\040\000s\000k\001\102\000a\000d\000o\000w\000y\000c\000h}{subsection.4.13}% 67
\BOOKMARK [3][-]{subsubsection.4.13.4}{\376\377\000D\000o\000k\000u\000m\000e\000n\000t\000a\000c\000j\000a\000\040\000a\000t\000r\000y\000b\000u\000t\000\363\000w\000\040\000s\000k\001\102\000a\000d\000o\000w\000y\000c\000h}{subsection.4.13}% 68
\BOOKMARK [2][-]{subsection.4.14}{\376\377\000D\000o\000k\000u\000m\000e\000n\000t\000a\000c\000j\000a\000\040\000s\000z\000a\000b\000l\000o\000n\000u\000\040\000k\000l\000a\000s\000y\000\040\000O\000b\000s\000e\000r\000v\000a\000b\000l\000e\000H\000e\000a\000p\000S\000o\000r\000t\000e\000r\000<\000\040\000C\000o\000n\000t\000e\000n\000t\000T\000y\000p\000e\000\040\000>}{section.4}% 69
\BOOKMARK [3][-]{subsubsection.4.14.1}{\376\377\000O\000p\000i\000s\000\040\000s\000z\000c\000z\000e\000g\000\363\001\102\000o\000w\000y}{subsection.4.14}% 70
\BOOKMARK [3][-]{subsubsection.4.14.2}{\376\377\000D\000o\000k\000u\000m\000e\000n\000t\000a\000c\000j\000a\000\040\000k\000o\000n\000s\000t\000r\000u\000k\000t\000o\000r\000a\000\040\000i\000\040\000d\000e\000s\000t\000r\000u\000k\000t\000o\000r\000a}{subsection.4.14}% 71
\BOOKMARK [3][-]{subsubsection.4.14.3}{\376\377\000D\000o\000k\000u\000m\000e\000n\000t\000a\000c\000j\000a\000\040\000f\000u\000n\000k\000c\000j\000i\000\040\000s\000k\001\102\000a\000d\000o\000w\000y\000c\000h}{subsection.4.14}% 72
\BOOKMARK [2][-]{subsection.4.15}{\376\377\000D\000o\000k\000u\000m\000e\000n\000t\000a\000c\000j\000a\000\040\000s\000z\000a\000b\000l\000o\000n\000u\000\040\000k\000l\000a\000s\000y\000\040\000O\000b\000s\000e\000r\000v\000a\000b\000l\000e\000M\000e\000r\000g\000e\000S\000o\000r\000t\000e\000r\000<\000\040\000C\000o\000n\000t\000e\000n\000t\000T\000y\000p\000e\000\040\000>}{section.4}% 73
\BOOKMARK [3][-]{subsubsection.4.15.1}{\376\377\000O\000p\000i\000s\000\040\000s\000z\000c\000z\000e\000g\000\363\001\102\000o\000w\000y}{subsection.4.15}% 74
\BOOKMARK [3][-]{subsubsection.4.15.2}{\376\377\000D\000o\000k\000u\000m\000e\000n\000t\000a\000c\000j\000a\000\040\000k\000o\000n\000s\000t\000r\000u\000k\000t\000o\000r\000a\000\040\000i\000\040\000d\000e\000s\000t\000r\000u\000k\000t\000o\000r\000a}{subsection.4.15}% 75
\BOOKMARK [3][-]{subsubsection.4.15.3}{\376\377\000D\000o\000k\000u\000m\000e\000n\000t\000a\000c\000j\000a\000\040\000f\000u\000n\000k\000c\000j\000i\000\040\000s\000k\001\102\000a\000d\000o\000w\000y\000c\000h}{subsection.4.15}% 76
\BOOKMARK [2][-]{subsection.4.16}{\376\377\000D\000o\000k\000u\000m\000e\000n\000t\000a\000c\000j\000a\000\040\000s\000z\000a\000b\000l\000o\000n\000u\000\040\000k\000l\000a\000s\000y\000\040\000O\000b\000s\000e\000r\000v\000a\000b\000l\000e\000Q\000u\000i\000c\000k\000S\000o\000r\000t\000e\000r\000<\000\040\000C\000o\000n\000t\000e\000n\000t\000T\000y\000p\000e\000\040\000>}{section.4}% 77
\BOOKMARK [3][-]{subsubsection.4.16.1}{\376\377\000O\000p\000i\000s\000\040\000s\000z\000c\000z\000e\000g\000\363\001\102\000o\000w\000y}{subsection.4.16}% 78
\BOOKMARK [3][-]{subsubsection.4.16.2}{\376\377\000D\000o\000k\000u\000m\000e\000n\000t\000a\000c\000j\000a\000\040\000k\000o\000n\000s\000t\000r\000u\000k\000t\000o\000r\000a\000\040\000i\000\040\000d\000e\000s\000t\000r\000u\000k\000t\000o\000r\000a}{subsection.4.16}% 79
\BOOKMARK [3][-]{subsubsection.4.16.3}{\376\377\000D\000o\000k\000u\000m\000e\000n\000t\000a\000c\000j\000a\000\040\000f\000u\000n\000k\000c\000j\000i\000\040\000s\000k\001\102\000a\000d\000o\000w\000y\000c\000h}{subsection.4.16}% 80
\BOOKMARK [2][-]{subsection.4.17}{\376\377\000D\000o\000k\000u\000m\000e\000n\000t\000a\000c\000j\000a\000\040\000k\000l\000a\000s\000y\000\040\000O\000b\000s\000e\000r\000v\000e\000r}{section.4}% 81
\BOOKMARK [3][-]{subsubsection.4.17.1}{\376\377\000O\000p\000i\000s\000\040\000s\000z\000c\000z\000e\000g\000\363\001\102\000o\000w\000y}{subsection.4.17}% 82
\BOOKMARK [3][-]{subsubsection.4.17.2}{\376\377\000D\000o\000k\000u\000m\000e\000n\000t\000a\000c\000j\000a\000\040\000k\000o\000n\000s\000t\000r\000u\000k\000t\000o\000r\000a\000\040\000i\000\040\000d\000e\000s\000t\000r\000u\000k\000t\000o\000r\000a}{subsection.4.17}% 83
\BOOKMARK [3][-]{subsubsection.4.17.3}{\376\377\000D\000o\000k\000u\000m\000e\000n\000t\000a\000c\000j\000a\000\040\000f\000u\000n\000k\000c\000j\000i\000\040\000s\000k\001\102\000a\000d\000o\000w\000y\000c\000h}{subsection.4.17}% 84
\BOOKMARK [2][-]{subsection.4.18}{\376\377\000D\000o\000k\000u\000m\000e\000n\000t\000a\000c\000j\000a\000\040\000s\000z\000a\000b\000l\000o\000n\000u\000\040\000k\000l\000a\000s\000y\000\040\000Q\000u\000i\000c\000k\000S\000o\000r\000t\000e\000r\000<\000\040\000C\000o\000n\000t\000e\000n\000t\000T\000y\000p\000e\000\040\000>}{section.4}% 85
\BOOKMARK [3][-]{subsubsection.4.18.1}{\376\377\000O\000p\000i\000s\000\040\000s\000z\000c\000z\000e\000g\000\363\001\102\000o\000w\000y}{subsection.4.18}% 86
\BOOKMARK [3][-]{subsubsection.4.18.2}{\376\377\000D\000o\000k\000u\000m\000e\000n\000t\000a\000c\000j\000a\000\040\000k\000o\000n\000s\000t\000r\000u\000k\000t\000o\000r\000a\000\040\000i\000\040\000d\000e\000s\000t\000r\000u\000k\000t\000o\000r\000a}{subsection.4.18}% 87
\BOOKMARK [3][-]{subsubsection.4.18.3}{\376\377\000D\000o\000k\000u\000m\000e\000n\000t\000a\000c\000j\000a\000\040\000f\000u\000n\000k\000c\000j\000i\000\040\000s\000k\001\102\000a\000d\000o\000w\000y\000c\000h}{subsection.4.18}% 88
\BOOKMARK [3][-]{subsubsection.4.18.4}{\376\377\000D\000o\000k\000u\000m\000e\000n\000t\000a\000c\000j\000a\000\040\000a\000t\000r\000y\000b\000u\000t\000\363\000w\000\040\000s\000k\001\102\000a\000d\000o\000w\000y\000c\000h}{subsection.4.18}% 89
\BOOKMARK [2][-]{subsection.4.19}{\376\377\000D\000o\000k\000u\000m\000e\000n\000t\000a\000c\000j\000a\000\040\000s\000z\000a\000b\000l\000o\000n\000u\000\040\000k\000l\000a\000s\000y\000\040\000S\000o\000r\000t\000e\000r\000<\000\040\000C\000o\000n\000t\000e\000n\000t\000T\000y\000p\000e\000\040\000>}{section.4}% 90
\BOOKMARK [3][-]{subsubsection.4.19.1}{\376\377\000O\000p\000i\000s\000\040\000s\000z\000c\000z\000e\000g\000\363\001\102\000o\000w\000y}{subsection.4.19}% 91
\BOOKMARK [3][-]{subsubsection.4.19.2}{\376\377\000D\000o\000k\000u\000m\000e\000n\000t\000a\000c\000j\000a\000\040\000k\000o\000n\000s\000t\000r\000u\000k\000t\000o\000r\000a\000\040\000i\000\040\000d\000e\000s\000t\000r\000u\000k\000t\000o\000r\000a}{subsection.4.19}% 92
\BOOKMARK [3][-]{subsubsection.4.19.3}{\376\377\000D\000o\000k\000u\000m\000e\000n\000t\000a\000c\000j\000a\000\040\000f\000u\000n\000k\000c\000j\000i\000\040\000s\000k\001\102\000a\000d\000o\000w\000y\000c\000h}{subsection.4.19}% 93
\BOOKMARK [1][-]{section.5}{\376\377\000D\000o\000k\000u\000m\000e\000n\000t\000a\000c\000j\000a\000\040\000p\000l\000i\000k\000\363\000w}{}% 94
\BOOKMARK [2][-]{subsection.5.1}{\376\377\000D\000o\000k\000u\000m\000e\000n\000t\000a\000c\000j\000a\000\040\000p\000l\000i\000k\000u\000\040\000b\000f\000s\000.\000h}{section.5}% 95
\BOOKMARK [3][-]{subsubsection.5.1.1}{\376\377\000D\000o\000k\000u\000m\000e\000n\000t\000a\000c\000j\000a\000\040\000d\000e\000f\000i\000n\000i\000c\000j\000i}{subsection.5.1}% 96
\BOOKMARK [2][-]{subsection.5.2}{\376\377\000b\000f\000s\000.\000h}{section.5}% 97
\BOOKMARK [2][-]{subsection.5.3}{\376\377\000D\000o\000k\000u\000m\000e\000n\000t\000a\000c\000j\000a\000\040\000p\000l\000i\000k\000u\000\040\000d\000f\000s\000.\000h}{section.5}% 98
\BOOKMARK [3][-]{subsubsection.5.3.1}{\376\377\000D\000o\000k\000u\000m\000e\000n\000t\000a\000c\000j\000a\000\040\000d\000e\000f\000i\000n\000i\000c\000j\000i}{subsection.5.3}% 99
\BOOKMARK [2][-]{subsection.5.4}{\376\377\000d\000f\000s\000.\000h}{section.5}% 100
\BOOKMARK [2][-]{subsection.5.5}{\376\377\000D\000o\000k\000u\000m\000e\000n\000t\000a\000c\000j\000a\000\040\000p\000l\000i\000k\000u\000\040\000f\000i\000l\000e\000s\000t\000r\000e\000a\000m\000e\000r\000.\000h}{section.5}% 101
\BOOKMARK [3][-]{subsubsection.5.5.1}{\376\377\000D\000o\000k\000u\000m\000e\000n\000t\000a\000c\000j\000a\000\040\000f\000u\000n\000k\000c\000j\000i}{subsection.5.5}% 102
\BOOKMARK [2][-]{subsection.5.6}{\376\377\000f\000i\000l\000e\000s\000t\000r\000e\000a\000m\000e\000r\000.\000h}{section.5}% 103
\BOOKMARK [2][-]{subsection.5.7}{\376\377\000D\000o\000k\000u\000m\000e\000n\000t\000a\000c\000j\000a\000\040\000p\000l\000i\000k\000u\000\040\000g\000r\000a\000p\000h\000.\000h}{section.5}% 104
\BOOKMARK [3][-]{subsubsection.5.7.1}{\376\377\000D\000o\000k\000u\000m\000e\000n\000t\000a\000c\000j\000a\000\040\000d\000e\000f\000i\000n\000i\000c\000j\000i}{subsection.5.7}% 105
\BOOKMARK [2][-]{subsection.5.8}{\376\377\000g\000r\000a\000p\000h\000.\000h}{section.5}% 106
\BOOKMARK [2][-]{subsection.5.9}{\376\377\000D\000o\000k\000u\000m\000e\000n\000t\000a\000c\000j\000a\000\040\000p\000l\000i\000k\000u\000\040\000h\000e\000a\000p\000s\000o\000r\000t\000e\000r\000.\000h}{section.5}% 107
\BOOKMARK [2][-]{subsection.5.10}{\376\377\000h\000e\000a\000p\000s\000o\000r\000t\000e\000r\000.\000h}{section.5}% 108
\BOOKMARK [2][-]{subsection.5.11}{\376\377\000D\000o\000k\000u\000m\000e\000n\000t\000a\000c\000j\000a\000\040\000p\000l\000i\000k\000u\000\040\000l\000i\000n\000k\000e\000d\000l\000i\000s\000t\000.\000h}{section.5}% 109
\BOOKMARK [2][-]{subsection.5.12}{\376\377\000l\000i\000n\000k\000e\000d\000l\000i\000s\000t\000.\000h}{section.5}% 110
\BOOKMARK [2][-]{subsection.5.13}{\376\377\000D\000o\000k\000u\000m\000e\000n\000t\000a\000c\000j\000a\000\040\000p\000l\000i\000k\000u\000\040\000l\000i\000n\000k\000e\000d\000l\000i\000s\000t\000e\000l\000e\000m\000e\000n\000t\000.\000h}{section.5}% 111
\BOOKMARK [2][-]{subsection.5.14}{\376\377\000l\000i\000n\000k\000e\000d\000l\000i\000s\000t\000e\000l\000e\000m\000e\000n\000t\000.\000h}{section.5}% 112
\BOOKMARK [2][-]{subsection.5.15}{\376\377\000D\000o\000k\000u\000m\000e\000n\000t\000a\000c\000j\000a\000\040\000p\000l\000i\000k\000u\000\040\000l\000i\000s\000t\000.\000h}{section.5}% 113
\BOOKMARK [2][-]{subsection.5.16}{\376\377\000l\000i\000s\000t\000.\000h}{section.5}% 114
\BOOKMARK [2][-]{subsection.5.17}{\376\377\000D\000o\000k\000u\000m\000e\000n\000t\000a\000c\000j\000a\000\040\000p\000l\000i\000k\000u\000\040\000l\000i\000s\000t\000s\000a\000v\000e\000r\000.\000h}{section.5}% 115
\BOOKMARK [2][-]{subsection.5.18}{\376\377\000l\000i\000s\000t\000s\000a\000v\000e\000r\000.\000h}{section.5}% 116
\BOOKMARK [2][-]{subsection.5.19}{\376\377\000D\000o\000k\000u\000m\000e\000n\000t\000a\000c\000j\000a\000\040\000p\000l\000i\000k\000u\000\040\000m\000a\000i\000n\000.\000c\000p\000p}{section.5}% 117
\BOOKMARK [3][-]{subsubsection.5.19.1}{\376\377\000D\000o\000k\000u\000m\000e\000n\000t\000a\000c\000j\000a\000\040\000f\000u\000n\000k\000c\000j\000i}{subsection.5.19}% 118
\BOOKMARK [2][-]{subsection.5.20}{\376\377\000m\000a\000i\000n\000.\000c\000p\000p}{section.5}% 119
\BOOKMARK [2][-]{subsection.5.21}{\376\377\000D\000o\000k\000u\000m\000e\000n\000t\000a\000c\000j\000a\000\040\000p\000l\000i\000k\000u\000\040\000m\000e\000r\000g\000e\000s\000o\000r\000t\000e\000r\000.\000h}{section.5}% 120
\BOOKMARK [2][-]{subsection.5.22}{\376\377\000m\000e\000r\000g\000e\000s\000o\000r\000t\000e\000r\000.\000h}{section.5}% 121
\BOOKMARK [2][-]{subsection.5.23}{\376\377\000D\000o\000k\000u\000m\000e\000n\000t\000a\000c\000j\000a\000\040\000p\000l\000i\000k\000u\000\040\000m\000y\000b\000e\000n\000c\000h\000m\000a\000r\000k\000.\000c\000p\000p}{section.5}% 122
\BOOKMARK [2][-]{subsection.5.24}{\376\377\000m\000y\000b\000e\000n\000c\000h\000m\000a\000r\000k\000.\000c\000p\000p}{section.5}% 123
\BOOKMARK [2][-]{subsection.5.25}{\376\377\000D\000o\000k\000u\000m\000e\000n\000t\000a\000c\000j\000a\000\040\000p\000l\000i\000k\000u\000\040\000m\000y\000b\000e\000n\000c\000h\000m\000a\000r\000k\000.\000h}{section.5}% 124
\BOOKMARK [2][-]{subsection.5.26}{\376\377\000m\000y\000b\000e\000n\000c\000h\000m\000a\000r\000k\000.\000h}{section.5}% 125
\BOOKMARK [2][-]{subsection.5.27}{\376\377\000D\000o\000k\000u\000m\000e\000n\000t\000a\000c\000j\000a\000\040\000p\000l\000i\000k\000u\000\040\000n\000u\000m\000b\000e\000r\000g\000e\000n\000e\000r\000a\000t\000o\000r\000.\000h}{section.5}% 126
\BOOKMARK [3][-]{subsubsection.5.27.1}{\376\377\000D\000o\000k\000u\000m\000e\000n\000t\000a\000c\000j\000a\000\040\000d\000e\000f\000i\000n\000i\000c\000j\000i}{subsection.5.27}% 127
\BOOKMARK [2][-]{subsection.5.28}{\376\377\000n\000u\000m\000b\000e\000r\000g\000e\000n\000e\000r\000a\000t\000o\000r\000.\000h}{section.5}% 128
\BOOKMARK [2][-]{subsection.5.29}{\376\377\000D\000o\000k\000u\000m\000e\000n\000t\000a\000c\000j\000a\000\040\000p\000l\000i\000k\000u\000\040\000o\000b\000s\000e\000r\000v\000a\000b\000l\000e\000.\000h}{section.5}% 129
\BOOKMARK [2][-]{subsection.5.30}{\376\377\000o\000b\000s\000e\000r\000v\000a\000b\000l\000e\000.\000h}{section.5}% 130
\BOOKMARK [2][-]{subsection.5.31}{\376\377\000D\000o\000k\000u\000m\000e\000n\000t\000a\000c\000j\000a\000\040\000p\000l\000i\000k\000u\000\040\000o\000b\000s\000e\000r\000v\000a\000b\000l\000e\000h\000e\000a\000p\000s\000o\000r\000t\000e\000r\000.\000h}{section.5}% 131
\BOOKMARK [2][-]{subsection.5.32}{\376\377\000o\000b\000s\000e\000r\000v\000a\000b\000l\000e\000h\000e\000a\000p\000s\000o\000r\000t\000e\000r\000.\000h}{section.5}% 132
\BOOKMARK [2][-]{subsection.5.33}{\376\377\000D\000o\000k\000u\000m\000e\000n\000t\000a\000c\000j\000a\000\040\000p\000l\000i\000k\000u\000\040\000o\000b\000s\000e\000r\000v\000a\000b\000l\000e\000m\000e\000r\000g\000e\000s\000o\000r\000t\000e\000r\000.\000h}{section.5}% 133
\BOOKMARK [2][-]{subsection.5.34}{\376\377\000o\000b\000s\000e\000r\000v\000a\000b\000l\000e\000m\000e\000r\000g\000e\000s\000o\000r\000t\000e\000r\000.\000h}{section.5}% 134
\BOOKMARK [2][-]{subsection.5.35}{\376\377\000D\000o\000k\000u\000m\000e\000n\000t\000a\000c\000j\000a\000\040\000p\000l\000i\000k\000u\000\040\000o\000b\000s\000e\000r\000v\000a\000b\000l\000e\000q\000u\000i\000c\000k\000s\000o\000r\000t\000e\000r\000.\000h}{section.5}% 135
\BOOKMARK [2][-]{subsection.5.36}{\376\377\000o\000b\000s\000e\000r\000v\000a\000b\000l\000e\000q\000u\000i\000c\000k\000s\000o\000r\000t\000e\000r\000.\000h}{section.5}% 136
\BOOKMARK [2][-]{subsection.5.37}{\376\377\000D\000o\000k\000u\000m\000e\000n\000t\000a\000c\000j\000a\000\040\000p\000l\000i\000k\000u\000\040\000o\000b\000s\000e\000r\000v\000e\000r\000.\000h}{section.5}% 137
\BOOKMARK [2][-]{subsection.5.38}{\376\377\000o\000b\000s\000e\000r\000v\000e\000r\000.\000h}{section.5}% 138
\BOOKMARK [2][-]{subsection.5.39}{\376\377\000D\000o\000k\000u\000m\000e\000n\000t\000a\000c\000j\000a\000\040\000p\000l\000i\000k\000u\000\040\000q\000u\000i\000c\000k\000s\000o\000r\000t\000e\000r\000.\000h}{section.5}% 139
\BOOKMARK [2][-]{subsection.5.40}{\376\377\000q\000u\000i\000c\000k\000s\000o\000r\000t\000e\000r\000.\000h}{section.5}% 140
\BOOKMARK [2][-]{subsection.5.41}{\376\377\000D\000o\000k\000u\000m\000e\000n\000t\000a\000c\000j\000a\000\040\000p\000l\000i\000k\000u\000\040\000s\000o\000r\000t\000e\000r\000.\000h}{section.5}% 141
\BOOKMARK [2][-]{subsection.5.42}{\376\377\000s\000o\000r\000t\000e\000r\000.\000h}{section.5}% 142
